2024-03-23T12:46:44.315Z - info: [ui] [AppStore] loading 1 repositories from store
2024-03-23T12:46:44.317Z - info: [ui] [AppStore] found account: mooncoffee1 (moonlightcoffee)
2024-03-23T12:46:44.675Z - warn: [ui] Error refreshing account 'mooncoffee1'
Error: Cannot update an account which doesn't have a token: mooncoffee1
    at rt (/home/ananas/webpack:/app/src/lib/fatal-error.ts:3:9)
    at /home/ananas/webpack:/app/src/lib/stores/accounts-store.ts:216:12
    at Ya.tryUpdateAccount (/home/ananas/webpack:/app/src/lib/stores/accounts-store.ts:135:20)
    at /home/ananas/webpack:/app/src/lib/stores/accounts-store.ts:115:37
    at Array.map (<anonymous>)
    at Ya.refresh (/home/ananas/webpack:/app/src/lib/stores/accounts-store.ts:115:21)
    at Ya.loadInitialState (/home/ananas/webpack:/app/src/lib/stores/app-store.ts:2229:24)
2024-03-23T12:46:44.727Z - info: [ui] launching: 3.3.10-linux1 (Linux 6.8.1-arch1-1)
2024-03-23T12:46:44.728Z - info: [ui] execPath: '/opt/github-desktop/github-desktop'
2024-03-23T12:46:45.022Z - warn: [ui] Alive channel request failed: Error: Not Found
2024-03-23T12:46:45.224Z - warn: [ui] Alive channel request failed: Error: Not Found
2024-03-23T12:46:45.274Z - warn: [ui] Alive channel request failed: Error: Not Found
2024-03-23T12:46:45.326Z - warn: [ui] Alive channel request failed: Error: Not Found
2024-03-23T12:46:45.429Z - info: [ui] Stats reported.
2024-03-23T12:46:51.060Z - info: [ui] [AppStore] removing account mooncoffee1 (moonlightcoffee) from store
2024-03-23T12:46:51.061Z - warn: [ui] fetchAll: 'user/repos' returned a 401
2024-03-23T12:46:56.764Z - info: [ui] [SignInStore] initializing OAuth flow
2024-03-23T12:46:56.769Z - info: [main] opening in browser: https://github.com/login/oauth/authorize?client_id=3a723b10ac5575cc5bb9&scope=repo%20user%20workflow&state=2fa55d7d-12ee-4e52-beb0-4f9dd8b8fade
2024-03-23T12:47:00.973Z - info: [main] Received possible protocol arguments: 3
2024-03-23T12:47:00.973Z - info: [main] Processing protocol url
2024-03-23T12:47:00.974Z - info: [ui] [Dispatcher] requesting authenticated user
2024-03-23T12:47:01.031Z - info: [main] Received possible protocol arguments: 2
2024-03-23T12:47:01.032Z - info: [main] Processing protocol url
2024-03-23T12:47:06.933Z - info: [ui] [SignInStore] account resolved
2024-03-23T12:47:06.934Z - info: [ui] [AppStore] adding account mooncoffee1 (moonlightcoffee) to store
2024-03-23T12:47:14.547Z - info: [ui] Subscribed 'mooncoffee1' to Alive channel
2024-03-23T12:47:26.288Z - info: [ui] [AppStore.getAccountForRemoteURL] account found for remote: https://github.com/mooncoffee1/MyHyprBackup.git - mooncoffee1 (has token)
2024-03-23T12:47:56.197Z - info: [ui] Executing clone: git -c credential.helper= -c init.defaultBranch=main clone --recursive --progress -- https://github.com/mooncoffee1/MyHyprBackup.git /home/ananas/GitHub/MyHyprBackup (took 29.898s)
2024-03-23T12:47:56.210Z - info: [ui] [AppStore] adding repository at /home/ananas/GitHub/MyHyprBackup to store
2024-03-23T12:47:56.303Z - info: [ui] [BranchPruner] Last prune took place 1 minute ago - skipping
2024-03-23T12:57:54.086Z - info: [ui] [RepositoryIndicatorUpdater]: Refreshing sidebar indicators for 1 repositories took 0.5s of which 0.0s paused, total 0.5s
2024-03-23T20:29:35.232Z - info: [ui] [AppStore] loading 1 repositories from store
2024-03-23T20:29:35.234Z - info: [ui] [AppStore] found account: mooncoffee1 (moonlightcoffee)
2024-03-23T20:29:35.262Z - info: [ui] [BranchPruner] Last prune took place 8 hours ago - skipping
2024-03-23T20:29:35.465Z - info: [ui] launching: 3.3.10-linux1 (Linux 6.8.1-arch1-1)
2024-03-23T20:29:35.465Z - info: [ui] execPath: '/opt/github-desktop/github-desktop'
2024-03-23T20:29:38.085Z - info: [ui] Subscribed 'mooncoffee1' to Alive channel
