00:00:00.494132 VirtualBox GUI VM Selector Window 7.0.14 r161095 linux.amd64 (Jan 19 2024 13:54:29) release log
00:00:00.494134 Log opened 2024-03-24T15:03:39.649392000Z
00:00:00.494135 Build Type: release
00:00:00.494137 OS Product: Linux
00:00:00.494138 OS Release: 6.8.1-arch1-1
00:00:00.494138 OS Version: #1 SMP PREEMPT_DYNAMIC Sat, 16 Mar 2024 17:15:35 +0000
00:00:00.494181 DMI Product Name: ASUS TUF Gaming A15 FA507NV_FA507NV
00:00:00.494195 DMI Product Version: 1.0
00:00:00.494209 Firmware type: UEFI
00:00:00.494370 Secure Boot: Disabled
00:00:00.494454 Host RAM: 15231MB (14.8GB) total, 11352MB (11.0GB) available
00:00:00.494457 Executable: /usr/lib/virtualbox/VirtualBox
00:00:00.494458 Process ID: 89190
00:00:00.494458 Package type: LINUX_64BITS_GENERIC (OSE)
00:00:00.494544 Qt version: 5.15.13
00:00:00.495371 GUI: UIMediumEnumerator: Initial medium-enumeration finished!
00:00:00.508490 GUI: UIMediumEnumerator: Medium-enumeration started...
00:00:01.638336 GUI: UIMediumEnumerator: Medium-enumeration finished!
00:00:01.715070 GUI: UIDesktopWidgetWatchdog::sltHandleHostScreenAvailableGeometryCalculated: Screen 0 work area is actually resized to: 480x149 x 960x540
00:00:05.731315 GUI: UICommon: Handling aboutToQuit request..
00:00:06.883776 GUI: UICommon: aboutToQuit request handled!
