00:00:00.003603 main     VirtualBox XPCOM Server 7.0.14 r161095 linux.amd64 (Jan 19 2024 13:54:29) release log
00:00:00.003607 main     Log opened 2024-03-24T15:03:39.429089000Z
00:00:00.003608 main     Build Type: release
00:00:00.003610 main     OS Product: Linux
00:00:00.003612 main     OS Release: 6.8.1-arch1-1
00:00:00.003613 main     OS Version: #1 SMP PREEMPT_DYNAMIC Sat, 16 Mar 2024 17:15:35 +0000
00:00:00.003656 main     DMI Product Name: ASUS TUF Gaming A15 FA507NV_FA507NV
00:00:00.003677 main     DMI Product Version: 1.0
00:00:00.003686 main     Firmware type: UEFI
00:00:00.005008 main     Secure Boot: Disabled
00:00:00.005079 main     Host RAM: 15231MB (14.8GB) total, 11355MB (11.0GB) available
00:00:00.005084 main     Executable: /usr/lib/virtualbox/VBoxSVC
00:00:00.005084 main     Process ID: 89223
00:00:00.005085 main     Package type: LINUX_64BITS_GENERIC (OSE)
00:00:00.007302 main     IPC socket path: /tmp/.vbox-ananas-ipc/ipcd
00:00:00.118231 nspr-2   VirtualBox: object creation starts
00:00:00.118406 nspr-2   Home directory: '/home/ananas/.config/VirtualBox'
00:00:00.118622 nspr-2   Loading settings file "/home/ananas/.config/VirtualBox/VirtualBox.xml" with version "1.12-linux"
00:00:00.141588 nspr-2   NetIfAdpCtlOut: VBoxNetAdpCtl: Error while retrieving link speed for wlp3s0: VBoxNetAdpCtl: ioctl failed: Operation not supported
00:00:00.143602 nspr-2   HostDnsMonitor: initializing
00:00:00.144110 nspr-2   NAT: resolv.conf: nameserver 192.168.87.11
00:00:00.144164 nspr-2   HostDnsMonitor: updating information
00:00:00.144183 nspr-2   HostDnsMonitor: old information
00:00:00.144186 nspr-2     no server entries
00:00:00.144190 nspr-2     no domain set
00:00:00.144192 nspr-2     no search string entries
00:00:00.144195 nspr-2   HostDnsMonitor: new information
00:00:00.144198 nspr-2     server 1: 192.168.87.11
00:00:00.144202 nspr-2     no domain set
00:00:00.144205 nspr-2     no search string entries
00:00:00.148143 nspr-2   VD: VDInit finished with VINF_SUCCESS
00:00:00.148317 nspr-2   ERROR [COM]: aRC=NS_ERROR_FAILURE (0x80004005) aIID={aac6c7cb-a371-4c58-ab51-0616896b2f2c} aComponent={SystemPropertiesWrap} aText={Cannot determine default Guest Additions ISO location. Most likely they are not available}, preserve=false aResultDetail=0
00:00:00.149670 nspr-2   Loading settings file "/home/ananas/VirtualBox VMs/Arch Linux/Arch Linux.vbox" with version "1.19-linux"
00:00:00.151089 nspr-2   VirtualBox: object created
00:00:01.386900 nspr-4   WARNING [COM]: aRC=NS_ERROR_FAILURE (0x80004005) aIID={e54f6256-97a7-4947-8a78-10c013ddf4b8} aComponent={HostWrap} aText={Could not load the Host USB Proxy service: VERR_NOT_FOUND}, preserve=true aResultDetail=0
00:00:01.390699 nspr-4   WARNING [COM]: aRC=NS_ERROR_FAILURE (0x80004005) aIID={e54f6256-97a7-4947-8a78-10c013ddf4b8} aComponent={HostWrap} aText={Could not load the Host USB Proxy service: VERR_NOT_FOUND}, preserve=false aResultDetail=0
00:00:01.496942 nspr-3   ERROR [COM]: aRC=VBOX_E_INVALID_VM_STATE (0x80bb0002) aIID={300763af-5d6b-46e6-aa96-273eac15538a} aComponent={MachineWrap} aText={The machine is not mutable (state is PoweredOff)}, preserve=false aResultDetail=0
00:00:01.757897 nspr-4   WARNING [COM]: aRC=NS_ERROR_FAILURE (0x80004005) aIID={e54f6256-97a7-4947-8a78-10c013ddf4b8} aComponent={HostWrap} aText={Could not load the Host USB Proxy service: VERR_NOT_FOUND}, preserve=true aResultDetail=0
00:00:01.762944 nspr-4   WARNING [COM]: aRC=NS_ERROR_FAILURE (0x80004005) aIID={e54f6256-97a7-4947-8a78-10c013ddf4b8} aComponent={HostWrap} aText={Could not load the Host USB Proxy service: VERR_NOT_FOUND}, preserve=true aResultDetail=0
00:00:02.055660 nspr-5   Saving settings file "/home/ananas/.config/VirtualBox/VirtualBox.xml" with version "1.12-linux"
00:00:02.062809 nspr-5   Finished saving settings file "/home/ananas/.config/VirtualBox/VirtualBox.xml"
00:00:11.595958 main     VirtualBox: object deletion starts
00:00:11.596018 main     ERROR [COM]: aRC=VBOX_E_OBJECT_IN_USE (0x80bb000c) aIID={ad47ad09-787b-44ab-b343-a082a3f2dfb1} aComponent={MediumWrap} aText={Medium '/home/ananas/VirtualBox VMs/Arch Linux/Arch Linux.vdi' cannot be closed because it is still attached to 1 virtual machines}, preserve=false aResultDetail=0
00:00:11.596757 main     HostDnsMonitor: shutting down ...
00:00:11.597069 main     HostDnsMonitor: shut down
00:00:11.607985 Watcher  ERROR [COM]: aRC=E_ACCESSDENIED (0x80070005) aIID={7682d5eb-f00e-44f1-8ca2-99d08b1cd607} aComponent={VirtualBoxWrap} aText={The object is not ready}, preserve=false aResultDetail=0
00:00:11.608085 main     VirtualBox: object deleted
